<?xml version="1.0" encoding="UTF-8"?>
<!-- Generated by org.testng.reporters.JUnitReportReporter -->
<testsuite hostname="ConvexTech-Pak-Lahore-Abdullah-Saleem" failures="1" tests="11" name="com.cybermart.tests.ForgotPasswordTest" time="21.426" errors="0" timestamp="2022-09-30T19:08:03 PKT" skipped="0">
  <testcase classname="com.cybermart.tests.ForgotPasswordTest" name="verifyForgotPasswordPageLoaded" time="0.442"/>
  <system-out/>
  <testcase classname="com.cybermart.tests.ForgotPasswordTest" name="verifyForgotPasswordPageURL" time="0.019"/>
  <system-out/>
  <testcase classname="com.cybermart.tests.ForgotPasswordTest" name="verifyForgotPasswordPageTitle" time="0.013"/>
  <system-out/>
  <testcase classname="com.cybermart.tests.ForgotPasswordTest" name="verifyForgotPasswordPageHeadingDisplayed" time="0.068"/>
  <system-out/>
  <testcase classname="com.cybermart.tests.ForgotPasswordTest" name="verifyEmailPlaceholder" time="0.079"/>
  <system-out/>
  <testcase classname="com.cybermart.tests.ForgotPasswordTest" name="verifyCursorPosition" time="0.048">
    <failure message="expected [true] but found [false]" type="java.lang.AssertionError">
      <![CDATA[java.lang.AssertionError: expected [true] but found [false]
at org.testng.Assert.fail(Assert.java:110)
at org.testng.Assert.failNotEquals(Assert.java:1413)
at org.testng.Assert.assertTrue(Assert.java:56)
at org.testng.Assert.assertTrue(Assert.java:66)
at com.cybermart.tests.ForgotPasswordTest.verifyCursorPosition(ForgotPasswordTest.java:75)
at java.base/jdk.internal.reflect.NativeMethodAccessorImpl.invoke0(Native Method)
at java.base/jdk.internal.reflect.NativeMethodAccessorImpl.invoke(NativeMethodAccessorImpl.java:77)
at java.base/jdk.internal.reflect.DelegatingMethodAccessorImpl.invoke(DelegatingMethodAccessorImpl.java:43)
at java.base/java.lang.reflect.Method.invoke(Method.java:568)
at org.testng.internal.invokers.MethodInvocationHelper.invokeMethod(MethodInvocationHelper.java:139)
at org.testng.internal.invokers.TestInvoker.invokeMethod(TestInvoker.java:677)
at org.testng.internal.invokers.TestInvoker.invokeTestMethod(TestInvoker.java:221)
at org.testng.internal.invokers.MethodRunner.runInSequence(MethodRunner.java:50)
at org.testng.internal.invokers.TestInvoker$MethodInvocationAgent.invoke(TestInvoker.java:962)
at org.testng.internal.invokers.TestInvoker.invokeTestMethods(TestInvoker.java:194)
at org.testng.internal.invokers.TestMethodWorker.invokeTestMethods(TestMethodWorker.java:148)
at org.testng.internal.invokers.TestMethodWorker.run(TestMethodWorker.java:128)
at java.base/java.util.ArrayList.forEach(ArrayList.java:1511)
at org.testng.TestRunner.privateRun(TestRunner.java:806)
at org.testng.TestRunner.run(TestRunner.java:601)
at org.testng.SuiteRunner.runTest(SuiteRunner.java:433)
at org.testng.SuiteRunner.runSequentially(SuiteRunner.java:427)
at org.testng.SuiteRunner.privateRun(SuiteRunner.java:387)
at org.testng.SuiteRunner.run(SuiteRunner.java:330)
at org.testng.SuiteRunnerWorker.runSuite(SuiteRunnerWorker.java:52)
at org.testng.SuiteRunnerWorker.run(SuiteRunnerWorker.java:95)
at org.testng.TestNG.runSuitesSequentially(TestNG.java:1256)
at org.testng.TestNG.runSuitesLocally(TestNG.java:1176)
at org.testng.TestNG.runSuites(TestNG.java:1099)
at org.testng.TestNG.run(TestNG.java:1067)
at org.testng.remote.AbstractRemoteTestNG.run(AbstractRemoteTestNG.java:115)
at org.testng.remote.RemoteTestNG.initAndRun(RemoteTestNG.java:251)
at org.testng.remote.RemoteTestNG.main(RemoteTestNG.java:77)
]]>
    </failure>
  </testcase> <!-- verifyCursorPosition -->
  <system-out/>
  <testcase classname="com.cybermart.tests.ForgotPasswordTest" name="verifyEmailRequiredErrorMessage" time="0.155"/>
  <system-out/>
  <testcase classname="com.cybermart.tests.ForgotPasswordTest" name="verifyMalformedEmailErrorMessage" time="3.137"/>
  <system-out/>
  <testcase classname="com.cybermart.tests.ForgotPasswordTest" name="verifyUnRegisteredEmailErrorMessage" time="17.282"/>
  <system-out/>
  <testcase classname="com.cybermart.tests.ForgotPasswordTest" name="verifyBackButtonFunctionality" time="0.152"/>
  <system-out/>
  <testcase classname="com.cybermart.tests.ForgotPasswordTest" name="verifyForgetImageDisplayed" time="0.031"/>
  <system-out/>
</testsuite> <!-- com.cybermart.tests.ForgotPasswordTest -->
